<?xml version="1.0" encoding="UTF-8"?>
<!-- Generated by org.testng.reporters.JUnitReportReporter -->
<testsuite hostname="DESKTOP-JTDFH88" failures="0" tests="1" name="dayonerestassured.CreatingPostRequest" time="4.120" errors="0" timestamp="2024-03-08T18:53:41 IST" skipped="0">
  <testcase classname="dayonerestassured.CreatingPostRequest" name="PostRequestusingOrgJson" time="4.120"/>
</testsuite> <!-- dayonerestassured.CreatingPostRequest -->
