<?xml version="1.0" encoding="UTF-8"?>
<!-- Generated by org.testng.reporters.JUnitReportReporter -->
<testsuite hostname="DESKTOP-JTDFH88" failures="0" tests="3" name="dayonerestassured.Httprequest" time="5.405" errors="0" timestamp="2024-03-08T16:02:27 IST" skipped="0">
  <testcase classname="dayonerestassured.Httprequest" name="getUser" time="3.681"/>
  <testcase classname="dayonerestassured.Httprequest" name="createUser" time="1.140"/>
  <testcase classname="dayonerestassured.Httprequest" name="updateUser" time="0.584"/>
</testsuite> <!-- dayonerestassured.Httprequest -->
